INFO: [VRFC 10-2263] Analyzing Verilog file "C:/Users/Enderaoe/Vivado/minisys/minisys.srcs/sources_1/ip/RAM/sim/RAM.v" into library xil_defaultlib
INFO: [VRFC 10-311] analyzing module RAM
INFO: [VRFC 10-2263] Analyzing Verilog file "C:/Users/Enderaoe/Vivado/minisys/minisys.srcs/sources_1/ip/prgrom/sim/prgrom.v" into library xil_defaultlib
INFO: [VRFC 10-311] analyzing module prgrom
INFO: [VRFC 10-2263] Analyzing Verilog file "C:/Users/Enderaoe/Vivado/minisys/minisys.srcs/sources_1/ip/clock/clock_clk_wiz.v" into library xil_defaultlib
INFO: [VRFC 10-311] analyzing module clock_clk_wiz
INFO: [VRFC 10-2263] Analyzing Verilog file "C:/Users/Enderaoe/Vivado/minisys/minisys.srcs/sources_1/ip/clock/clock.v" into library xil_defaultlib
INFO: [VRFC 10-311] analyzing module clock
INFO: [VRFC 10-2263] Analyzing Verilog file "C:/Users/Enderaoe/Vivado/minisys/minisys.srcs/sources_1/new/Executes32.v" into library xil_defaultlib
INFO: [VRFC 10-311] analyzing module Executs32
INFO: [VRFC 10-2263] Analyzing Verilog file "C:/Users/Enderaoe/Vivado/minisys/minisys.srcs/sources_1/new/Ifetc32.v" into library xil_defaultlib
INFO: [VRFC 10-311] analyzing module Ifetc32
INFO: [VRFC 10-2263] Analyzing Verilog file "C:/Users/Enderaoe/Vivado/minisys/minisys.srcs/sources_1/new/control32.v" into library xil_defaultlib
INFO: [VRFC 10-311] analyzing module control32
INFO: [VRFC 10-2263] Analyzing Verilog file "C:/Users/Enderaoe/Vivado/minisys/minisys.srcs/sources_1/new/dmemory32.v" into library xil_defaultlib
INFO: [VRFC 10-311] analyzing module dmemory32
INFO: [VRFC 10-2263] Analyzing Verilog file "C:/Users/Enderaoe/Vivado/minisys/minisys.srcs/sources_1/new/ioread.v" into library xil_defaultlib
INFO: [VRFC 10-311] analyzing module ioread
INFO: [VRFC 10-2263] Analyzing Verilog file "C:/Users/Enderaoe/Vivado/minisys/minisys.srcs/sources_1/new/leds.v" into library xil_defaultlib
INFO: [VRFC 10-311] analyzing module leds
INFO: [VRFC 10-2263] Analyzing Verilog file "C:/Users/Enderaoe/Vivado/minisys/minisys.srcs/sources_1/new/memorio.v" into library xil_defaultlib
INFO: [VRFC 10-311] analyzing module memorio
INFO: [VRFC 10-2263] Analyzing Verilog file "C:/Users/Enderaoe/Vivado/minisys/minisys.srcs/sources_1/new/switchs.v" into library xil_defaultlib
INFO: [VRFC 10-311] analyzing module switchs
